mode: set
github.com/w40141/monkey-language/golang/main.go:12.13,14.16 2 0
github.com/w40141/monkey-language/golang/main.go:14.16,15.13 1 0
github.com/w40141/monkey-language/golang/main.go:17.2,19.33 3 0
github.com/w40141/monkey-language/golang/ast/block.go:19.42,22.33 2 1
github.com/w40141/monkey-language/golang/ast/block.go:22.33,24.3 1 0
github.com/w40141/monkey-language/golang/ast/block.go:26.2,26.21 1 1
github.com/w40141/monkey-language/golang/ast/block.go:30.48,32.2 1 1
github.com/w40141/monkey-language/golang/ast/block.go:35.44,35.45 0 0
github.com/w40141/monkey-language/golang/ast/boolean.go:15.35,17.2 1 0
github.com/w40141/monkey-language/golang/ast/boolean.go:20.41,22.2 1 0
github.com/w40141/monkey-language/golang/ast/boolean.go:25.37,25.38 0 0
github.com/w40141/monkey-language/golang/ast/call.go:21.42,25.34 3 0
github.com/w40141/monkey-language/golang/ast/call.go:25.34,27.3 1 0
github.com/w40141/monkey-language/golang/ast/call.go:29.2,34.21 5 0
github.com/w40141/monkey-language/golang/ast/call.go:38.48,40.2 1 0
github.com/w40141/monkey-language/golang/ast/call.go:43.44,44.2 0 0
github.com/w40141/monkey-language/golang/ast/expression.go:15.48,16.26 1 0
github.com/w40141/monkey-language/golang/ast/expression.go:16.26,18.3 1 0
github.com/w40141/monkey-language/golang/ast/expression.go:19.2,19.11 1 0
github.com/w40141/monkey-language/golang/ast/expression.go:22.49,22.50 0 0
github.com/w40141/monkey-language/golang/ast/expression.go:25.54,27.2 1 0
github.com/w40141/monkey-language/golang/ast/function.go:21.44,25.34 3 0
github.com/w40141/monkey-language/golang/ast/function.go:25.34,27.3 1 0
github.com/w40141/monkey-language/golang/ast/function.go:29.2,35.21 6 0
github.com/w40141/monkey-language/golang/ast/function.go:39.50,41.2 1 0
github.com/w40141/monkey-language/golang/ast/function.go:44.45,44.46 0 0
github.com/w40141/monkey-language/golang/ast/identifire.go:18.38,20.2 1 1
github.com/w40141/monkey-language/golang/ast/identifire.go:22.40,22.41 0 0
github.com/w40141/monkey-language/golang/ast/identifire.go:25.44,27.2 1 0
github.com/w40141/monkey-language/golang/ast/if.go:21.41,29.27 6 0
github.com/w40141/monkey-language/golang/ast/if.go:29.27,32.3 2 0
github.com/w40141/monkey-language/golang/ast/if.go:34.2,34.21 1 0
github.com/w40141/monkey-language/golang/ast/if.go:38.47,40.2 1 0
github.com/w40141/monkey-language/golang/ast/if.go:43.43,43.44 0 0
github.com/w40141/monkey-language/golang/ast/infix.go:21.43,29.2 7 0
github.com/w40141/monkey-language/golang/ast/infix.go:32.49,34.2 1 0
github.com/w40141/monkey-language/golang/ast/infix.go:37.45,37.46 0 0
github.com/w40141/monkey-language/golang/ast/integer.go:15.44,15.45 0 0
github.com/w40141/monkey-language/golang/ast/integer.go:18.42,20.2 1 0
github.com/w40141/monkey-language/golang/ast/integer.go:23.48,25.2 1 0
github.com/w40141/monkey-language/golang/ast/let.go:21.41,28.21 5 1
github.com/w40141/monkey-language/golang/ast/let.go:28.21,30.3 1 1
github.com/w40141/monkey-language/golang/ast/let.go:32.2,33.21 2 1
github.com/w40141/monkey-language/golang/ast/let.go:36.42,36.43 0 0
github.com/w40141/monkey-language/golang/ast/let.go:39.47,41.2 1 1
github.com/w40141/monkey-language/golang/ast/prefix.go:20.44,27.2 6 0
github.com/w40141/monkey-language/golang/ast/prefix.go:30.50,32.2 1 0
github.com/w40141/monkey-language/golang/ast/prefix.go:35.46,35.47 0 0
github.com/w40141/monkey-language/golang/ast/program.go:14.35,17.33 2 1
github.com/w40141/monkey-language/golang/ast/program.go:17.33,19.3 1 1
github.com/w40141/monkey-language/golang/ast/program.go:20.2,20.21 1 1
github.com/w40141/monkey-language/golang/ast/program.go:24.41,25.27 1 1
github.com/w40141/monkey-language/golang/ast/program.go:25.27,27.3 1 1
github.com/w40141/monkey-language/golang/ast/program.go:28.2,28.11 1 1
github.com/w40141/monkey-language/golang/ast/return.go:20.44,25.27 3 0
github.com/w40141/monkey-language/golang/ast/return.go:25.27,27.3 1 0
github.com/w40141/monkey-language/golang/ast/return.go:29.2,30.21 2 0
github.com/w40141/monkey-language/golang/ast/return.go:33.45,33.46 0 0
github.com/w40141/monkey-language/golang/ast/return.go:36.50,38.2 1 0
github.com/w40141/monkey-language/golang/parser/parser.go:48.39,49.48 1 1
github.com/w40141/monkey-language/golang/parser/parser.go:49.48,51.3 1 1
github.com/w40141/monkey-language/golang/parser/parser.go:52.2,52.15 1 1
github.com/w40141/monkey-language/golang/parser/parser.go:55.38,56.47 1 1
github.com/w40141/monkey-language/golang/parser/parser.go:56.47,58.3 1 1
github.com/w40141/monkey-language/golang/parser/parser.go:59.2,59.15 1 0
github.com/w40141/monkey-language/golang/parser/parser.go:75.36,77.2 1 1
github.com/w40141/monkey-language/golang/parser/parser.go:79.42,82.2 2 0
github.com/w40141/monkey-language/golang/parser/parser.go:85.34,114.2 24 1
github.com/w40141/monkey-language/golang/parser/parser.go:116.51,118.2 1 1
github.com/w40141/monkey-language/golang/parser/parser.go:120.55,124.16 3 1
github.com/w40141/monkey-language/golang/parser/parser.go:124.16,128.3 3 0
github.com/w40141/monkey-language/golang/parser/parser.go:130.2,131.12 2 1
github.com/w40141/monkey-language/golang/parser/parser.go:134.57,143.2 4 1
github.com/w40141/monkey-language/golang/parser/parser.go:145.48,147.2 1 1
github.com/w40141/monkey-language/golang/parser/parser.go:149.58,152.33 3 1
github.com/w40141/monkey-language/golang/parser/parser.go:152.33,154.3 1 0
github.com/w40141/monkey-language/golang/parser/parser.go:155.2,155.12 1 1
github.com/w40141/monkey-language/golang/parser/parser.go:158.53,160.33 2 1
github.com/w40141/monkey-language/golang/parser/parser.go:160.33,162.3 1 0
github.com/w40141/monkey-language/golang/parser/parser.go:164.2,167.33 3 1
github.com/w40141/monkey-language/golang/parser/parser.go:167.33,169.3 1 0
github.com/w40141/monkey-language/golang/parser/parser.go:170.2,170.33 1 1
github.com/w40141/monkey-language/golang/parser/parser.go:170.33,172.3 1 0
github.com/w40141/monkey-language/golang/parser/parser.go:173.2,175.31 2 1
github.com/w40141/monkey-language/golang/parser/parser.go:175.31,177.34 2 1
github.com/w40141/monkey-language/golang/parser/parser.go:177.34,179.4 1 0
github.com/w40141/monkey-language/golang/parser/parser.go:180.3,180.44 1 1
github.com/w40141/monkey-language/golang/parser/parser.go:182.2,182.12 1 1
github.com/w40141/monkey-language/golang/parser/parser.go:185.60,190.62 4 1
github.com/w40141/monkey-language/golang/parser/parser.go:190.62,191.46 1 1
github.com/w40141/monkey-language/golang/parser/parser.go:191.46,193.4 1 1
github.com/w40141/monkey-language/golang/parser/parser.go:194.3,194.16 1 1
github.com/w40141/monkey-language/golang/parser/parser.go:196.2,196.14 1 1
github.com/w40141/monkey-language/golang/parser/parser.go:199.56,201.33 2 1
github.com/w40141/monkey-language/golang/parser/parser.go:201.33,203.3 1 0
github.com/w40141/monkey-language/golang/parser/parser.go:205.2,206.33 2 1
github.com/w40141/monkey-language/golang/parser/parser.go:206.33,208.3 1 0
github.com/w40141/monkey-language/golang/parser/parser.go:210.2,211.12 2 1
github.com/w40141/monkey-language/golang/parser/parser.go:214.62,217.33 2 1
github.com/w40141/monkey-language/golang/parser/parser.go:217.33,220.3 2 1
github.com/w40141/monkey-language/golang/parser/parser.go:222.2,227.33 4 1
github.com/w40141/monkey-language/golang/parser/parser.go:227.33,232.3 4 1
github.com/w40141/monkey-language/golang/parser/parser.go:234.2,234.33 1 1
github.com/w40141/monkey-language/golang/parser/parser.go:234.33,236.3 1 0
github.com/w40141/monkey-language/golang/parser/parser.go:237.2,237.20 1 1
github.com/w40141/monkey-language/golang/parser/parser.go:240.75,250.2 5 1
github.com/w40141/monkey-language/golang/parser/parser.go:252.78,256.2 3 1
github.com/w40141/monkey-language/golang/parser/parser.go:258.56,261.33 2 1
github.com/w40141/monkey-language/golang/parser/parser.go:261.33,264.3 2 0
github.com/w40141/monkey-language/golang/parser/parser.go:266.2,269.33 3 1
github.com/w40141/monkey-language/golang/parser/parser.go:269.33,273.3 3 1
github.com/w40141/monkey-language/golang/parser/parser.go:275.2,275.33 1 1
github.com/w40141/monkey-language/golang/parser/parser.go:275.33,277.3 1 0
github.com/w40141/monkey-language/golang/parser/parser.go:278.2,278.13 1 1
github.com/w40141/monkey-language/golang/parser/parser.go:281.30,284.2 2 1
github.com/w40141/monkey-language/golang/parser/parser.go:287.46,291.31 3 1
github.com/w40141/monkey-language/golang/parser/parser.go:291.31,292.46 1 1
github.com/w40141/monkey-language/golang/parser/parser.go:292.46,294.4 1 1
github.com/w40141/monkey-language/golang/parser/parser.go:295.3,295.16 1 1
github.com/w40141/monkey-language/golang/parser/parser.go:297.2,297.12 1 1
github.com/w40141/monkey-language/golang/parser/parser.go:300.49,301.25 1 1
github.com/w40141/monkey-language/golang/parser/parser.go:302.17,303.31 1 1
github.com/w40141/monkey-language/golang/parser/parser.go:304.20,305.34 1 1
github.com/w40141/monkey-language/golang/parser/parser.go:306.10,307.38 1 1
github.com/w40141/monkey-language/golang/parser/parser.go:311.56,313.32 2 1
github.com/w40141/monkey-language/golang/parser/parser.go:313.32,315.3 1 0
github.com/w40141/monkey-language/golang/parser/parser.go:316.2,320.33 2 1
github.com/w40141/monkey-language/golang/parser/parser.go:320.33,322.3 1 0
github.com/w40141/monkey-language/golang/parser/parser.go:324.2,326.37 3 1
github.com/w40141/monkey-language/golang/parser/parser.go:326.37,328.3 1 1
github.com/w40141/monkey-language/golang/parser/parser.go:329.2,329.13 1 1
github.com/w40141/monkey-language/golang/parser/parser.go:332.62,339.37 4 1
github.com/w40141/monkey-language/golang/parser/parser.go:339.37,341.3 1 1
github.com/w40141/monkey-language/golang/parser/parser.go:342.2,342.13 1 1
github.com/w40141/monkey-language/golang/parser/parser.go:345.70,350.36 3 1
github.com/w40141/monkey-language/golang/parser/parser.go:350.36,352.3 1 1
github.com/w40141/monkey-language/golang/parser/parser.go:354.2,354.13 1 1
github.com/w40141/monkey-language/golang/parser/parser.go:357.48,358.22 1 1
github.com/w40141/monkey-language/golang/parser/parser.go:358.22,361.3 2 1
github.com/w40141/monkey-language/golang/parser/parser.go:362.2,363.14 2 0
github.com/w40141/monkey-language/golang/parser/parser.go:366.48,368.2 1 1
github.com/w40141/monkey-language/golang/parser/parser.go:370.49,372.2 1 1
github.com/w40141/monkey-language/golang/parser/parser.go:374.73,376.2 1 1
github.com/w40141/monkey-language/golang/parser/parser.go:378.71,380.2 1 1
github.com/w40141/monkey-language/golang/parser/parser.go:382.65,384.19 2 1
github.com/w40141/monkey-language/golang/parser/parser.go:384.19,387.3 2 0
github.com/w40141/monkey-language/golang/parser/parser.go:388.2,390.73 2 1
github.com/w40141/monkey-language/golang/parser/parser.go:390.73,392.19 2 1
github.com/w40141/monkey-language/golang/parser/parser.go:392.19,394.4 1 0
github.com/w40141/monkey-language/golang/parser/parser.go:395.3,396.27 2 1
github.com/w40141/monkey-language/golang/parser/parser.go:398.2,398.16 1 1
github.com/w40141/monkey-language/golang/parser/parser.go:401.53,404.2 2 0
github.com/w40141/monkey-language/golang/parser/trace.go:13.26,15.2 1 0
github.com/w40141/monkey-language/golang/parser/trace.go:17.28,19.2 1 0
github.com/w40141/monkey-language/golang/parser/trace.go:21.17,21.48 1 0
github.com/w40141/monkey-language/golang/parser/trace.go:22.17,22.48 1 0
github.com/w40141/monkey-language/golang/parser/trace.go:24.31,28.2 3 0
github.com/w40141/monkey-language/golang/parser/trace.go:30.26,33.2 2 0
github.com/w40141/monkey-language/golang/repl/repl.go:32.41,35.6 2 0
github.com/w40141/monkey-language/golang/repl/repl.go:35.6,38.15 3 0
github.com/w40141/monkey-language/golang/repl/repl.go:38.15,40.4 1 0
github.com/w40141/monkey-language/golang/repl/repl.go:42.3,47.27 5 0
github.com/w40141/monkey-language/golang/repl/repl.go:47.27,48.57 1 0
github.com/w40141/monkey-language/golang/repl/repl.go:48.57,50.5 1 0
github.com/w40141/monkey-language/golang/repl/repl.go:51.4,51.12 1 0
github.com/w40141/monkey-language/golang/repl/repl.go:54.3,54.58 1 0
github.com/w40141/monkey-language/golang/repl/repl.go:54.58,56.4 1 0
github.com/w40141/monkey-language/golang/repl/repl.go:57.3,57.50 1 0
github.com/w40141/monkey-language/golang/repl/repl.go:57.50,59.4 1 0
github.com/w40141/monkey-language/golang/repl/repl.go:67.62,71.29 4 0
github.com/w40141/monkey-language/golang/repl/repl.go:71.29,72.59 1 0
github.com/w40141/monkey-language/golang/repl/repl.go:72.59,74.4 1 0
github.com/w40141/monkey-language/golang/repl/repl.go:76.2,76.12 1 0
github.com/w40141/monkey-language/golang/lexer/functions.go:5.31,9.2 3 1
github.com/w40141/monkey-language/golang/lexer/functions.go:11.29,13.2 1 1
github.com/w40141/monkey-language/golang/lexer/functions.go:15.28,17.2 1 1
github.com/w40141/monkey-language/golang/lexer/lexer.go:19.28,20.36 1 1
github.com/w40141/monkey-language/golang/lexer/lexer.go:20.36,23.3 1 1
github.com/w40141/monkey-language/golang/lexer/lexer.go:23.8,25.3 1 1
github.com/w40141/monkey-language/golang/lexer/lexer.go:26.2,27.18 2 1
github.com/w40141/monkey-language/golang/lexer/lexer.go:31.41,34.19 3 1
github.com/w40141/monkey-language/golang/lexer/lexer.go:35.11,36.26 1 1
github.com/w40141/monkey-language/golang/lexer/lexer.go:36.26,43.4 3 1
github.com/w40141/monkey-language/golang/lexer/lexer.go:43.9,45.4 1 1
github.com/w40141/monkey-language/golang/lexer/lexer.go:46.11,47.41 1 1
github.com/w40141/monkey-language/golang/lexer/lexer.go:48.11,49.42 1 1
github.com/w40141/monkey-language/golang/lexer/lexer.go:50.11,51.42 1 1
github.com/w40141/monkey-language/golang/lexer/lexer.go:52.11,53.43 1 1
github.com/w40141/monkey-language/golang/lexer/lexer.go:54.11,55.26 1 1
github.com/w40141/monkey-language/golang/lexer/lexer.go:55.26,62.4 3 1
github.com/w40141/monkey-language/golang/lexer/lexer.go:62.9,64.4 1 1
github.com/w40141/monkey-language/golang/lexer/lexer.go:65.11,66.42 1 1
github.com/w40141/monkey-language/golang/lexer/lexer.go:67.11,68.46 1 1
github.com/w40141/monkey-language/golang/lexer/lexer.go:69.11,70.43 1 1
github.com/w40141/monkey-language/golang/lexer/lexer.go:71.11,72.43 1 1
github.com/w40141/monkey-language/golang/lexer/lexer.go:73.11,74.43 1 1
github.com/w40141/monkey-language/golang/lexer/lexer.go:75.11,76.43 1 1
github.com/w40141/monkey-language/golang/lexer/lexer.go:77.11,78.39 1 1
github.com/w40141/monkey-language/golang/lexer/lexer.go:79.11,80.39 1 1
github.com/w40141/monkey-language/golang/lexer/lexer.go:81.9,83.23 2 1
github.com/w40141/monkey-language/golang/lexer/lexer.go:84.10,85.26 1 1
github.com/w40141/monkey-language/golang/lexer/lexer.go:85.26,89.4 3 1
github.com/w40141/monkey-language/golang/lexer/lexer.go:89.9,89.32 1 1
github.com/w40141/monkey-language/golang/lexer/lexer.go:89.32,93.4 3 1
github.com/w40141/monkey-language/golang/lexer/lexer.go:93.9,95.4 1 1
github.com/w40141/monkey-language/golang/lexer/lexer.go:97.2,98.12 2 1
github.com/w40141/monkey-language/golang/lexer/lexer.go:101.41,104.27 3 1
github.com/w40141/monkey-language/golang/lexer/lexer.go:104.27,106.3 1 1
github.com/w40141/monkey-language/golang/lexer/lexer.go:107.2,107.38 1 1
github.com/w40141/monkey-language/golang/lexer/lexer.go:110.37,113.26 3 1
github.com/w40141/monkey-language/golang/lexer/lexer.go:113.26,115.3 1 1
github.com/w40141/monkey-language/golang/lexer/lexer.go:116.2,116.38 1 1
github.com/w40141/monkey-language/golang/lexer/lexer.go:119.34,120.86 1 1
github.com/w40141/monkey-language/golang/lexer/lexer.go:120.86,122.3 1 1
github.com/w40141/monkey-language/golang/lexer/lexer.go:125.33,126.36 1 1
github.com/w40141/monkey-language/golang/lexer/lexer.go:126.36,128.3 1 0
github.com/w40141/monkey-language/golang/lexer/lexer.go:129.2,129.32 1 1
github.com/w40141/monkey-language/golang/token/token.go:77.41,79.2 1 1
github.com/w40141/monkey-language/golang/token/token.go:93.37,94.36 1 1
github.com/w40141/monkey-language/golang/token/token.go:94.36,96.3 1 1
github.com/w40141/monkey-language/golang/token/token.go:97.2,97.14 1 1
